<!DOCTYPE html PUBLIC "-//W3C//DTD XHTML 1.1//EN" "https://www.w3.org/TR/xhtml11/DTD/xhtml11.dtd">
<html xmlns="https://www.w3.org/1999/xhtml">
<head>
<meta http-equiv="content-type" content="text/html; charset=UTF-8"/>
<title>TestNG Report</title>
<style type="text/css">table {margin-bottom:10px;border-collapse:collapse;empty-cells:show}th,td {border:1px solid #009;padding:.25em .5em}th {vertical-align:bottom}td {vertical-align:top}table a {font-weight:bold}.stripe td {background-color: #E6EBF9}.num {text-align:right}.passedodd td {background-color: #3F3}.passedeven td {background-color: #0A0}.skippedodd td {background-color: #DDD}.skippedeven td {background-color: #CCC}.failedodd td,.attn {background-color: #F33}.failedeven td,.stripe .attn {background-color: #D00}.stacktrace {white-space:pre;font-family:monospace}.totop {font-size:85%;text-align:center;border-bottom:2px solid #000}.invisible {display:none}</style>
</head>
<body>
<table>
<tr><th>Test</th><th># Passed</th><th># Skipped</th><th># Retried</th><th># Failed</th><th>Time (ms)</th><th>Included Groups</th><th>Excluded Groups</th></tr>
<tr><th colspan="8">tutorialSuite</th></tr>
<tr><td><a href="#t0">TestNG Demos</a></td><td class="num">19</td><td class="num">0</td><td class="num">0</td><td class="num">0</td><td class="num">32</td><td></td><td></td></tr>
<tr class="stripe"><td><a href="#t1">Selenium Demos</a></td><td class="num">0</td><td class="num">0</td><td class="num">0</td><td class="num">0</td><td class="num">0</td><td>default</td><td></td></tr>
<tr><th>Total</th><th class="num">19</th><th class="num">0</th><th class="num">0</th><th class="num">0</th><th class="num">32</th><th colspan="2"></th></tr>
</table>
<table id='summary'><thead><tr><th>Class</th><th>Method</th><th>Start</th><th>Time (ms)</th></tr></thead><tbody><tr><th colspan="4">tutorialSuite</th></tr></tbody><tbody id="t0"><tr><th colspan="4">TestNG Demos &#8212; passed</th></tr><tr class="passedeven"><td rowspan="12">com.tutorial.testing.testng.tests.AnnotationsTest</td><td><a href="#m0">admin_only_privilegedAction_requiresLogin</a></td><td rowspan="1">1757180028775</td><td rowspan="1">0</td></tr><tr class="passedeven"><td><a href="#m1">login_allRoles_happyPath</a></td><td rowspan="3">1757180028755</td><td rowspan="3">0</td></tr><tr class="passedeven"><td><a href="#m2">login_allRoles_happyPath</a></td></tr><tr class="passedeven"><td><a href="#m3">login_allRoles_happyPath</a></td></tr><tr class="passedeven"><td><a href="#m4">login_lockout_afterThreeFailures</a></td><td rowspan="1">1757180028759</td><td rowspan="1">0</td></tr><tr class="passedeven"><td><a href="#m5">payment_charge_transientFlakes_areRetried</a></td><td rowspan="1">1757180028760</td><td rowspan="1">0</td></tr><tr class="passedeven"><td><a href="#m6">search_v2_featureFlag_controlsBehavior</a></td><td rowspan="1">1757180028761</td><td rowspan="1">8</td></tr><tr class="passedeven"><td><a href="#m7">user_creation_invalidEmail_rejected</a></td><td rowspan="5">1757180028771</td><td rowspan="5">1</td></tr><tr class="passedeven"><td><a href="#m8">user_creation_invalidEmail_rejected</a></td></tr><tr class="passedeven"><td><a href="#m9">user_creation_invalidEmail_rejected</a></td></tr><tr class="passedeven"><td><a href="#m10">user_creation_invalidEmail_rejected</a></td></tr><tr class="passedeven"><td><a href="#m11">user_creation_invalidEmail_rejected</a></td></tr><tr class="passedodd"><td rowspan="3">com.tutorial.testing.testng.tests.DataProviderTest</td><td><a href="#m12">add_isCorrect</a></td><td rowspan="3">1757180028778</td><td rowspan="3">0</td></tr><tr class="passedodd"><td><a href="#m13">add_isCorrect</a></td></tr><tr class="passedodd"><td><a href="#m14">add_isCorrect</a></td></tr><tr class="passedeven"><td rowspan="2">com.tutorial.testing.testng.tests.DependenciesTest</td><td><a href="#m15">stepA</a></td><td rowspan="1">1757180028776</td><td rowspan="1">0</td></tr><tr class="passedeven"><td><a href="#m16">stepB</a></td><td rowspan="1">1757180028776</td><td rowspan="1">0</td></tr><tr class="passedodd"><td rowspan="2">com.tutorial.testing.testng.tests.GroupsTest</td><td><a href="#m17">deeperCheck</a></td><td rowspan="1">1757180028777</td><td rowspan="1">0</td></tr><tr class="passedodd"><td><a href="#m18">fastCheck</a></td><td rowspan="1">1757180028777</td><td rowspan="1">0</td></tr></tbody>
<tbody id="t1"><tr><th colspan="4" class="invisible"/></tr></tbody>
</table>
<h2>TestNG Demos</h2><h3 id="m0">com.tutorial.testing.testng.tests.AnnotationsTest#admin_only_privilegedAction_requiresLogin</h3><table class="result"><tr><th class="invisible"/></tr></table><p class="totop"><a href="#summary">back to summary</a></p>
<h3 id="m1">com.tutorial.testing.testng.tests.AnnotationsTest#login_allRoles_happyPath</h3><table class="result"><tr class="param"><th>Parameter #1</th><th>Parameter #2</th><th>Parameter #3</th></tr><tr class="param stripe"><td>admin@example.com</td><td>correct-horse-battery-staple</td><td>ADMIN</td></tr></table><p class="totop"><a href="#summary">back to summary</a></p>
<h3 id="m2">com.tutorial.testing.testng.tests.AnnotationsTest#login_allRoles_happyPath</h3><table class="result"><tr class="param"><th>Parameter #1</th><th>Parameter #2</th><th>Parameter #3</th></tr><tr class="param stripe"><td>user@example.com</td><td>user-pass</td><td>USER</td></tr></table><p class="totop"><a href="#summary">back to summary</a></p>
<h3 id="m3">com.tutorial.testing.testng.tests.AnnotationsTest#login_allRoles_happyPath</h3><table class="result"><tr class="param"><th>Parameter #1</th><th>Parameter #2</th><th>Parameter #3</th></tr><tr class="param stripe"><td>qa@example.com</td><td>qa-pass</td><td>QA</td></tr></table><p class="totop"><a href="#summary">back to summary</a></p>
<h3 id="m4">com.tutorial.testing.testng.tests.AnnotationsTest#login_lockout_afterThreeFailures</h3><table class="result"><tr><th class="invisible"/></tr></table><p class="totop"><a href="#summary">back to summary</a></p>
<h3 id="m5">com.tutorial.testing.testng.tests.AnnotationsTest#payment_charge_transientFlakes_areRetried</h3><table class="result"><tr><th class="invisible"/></tr></table><p class="totop"><a href="#summary">back to summary</a></p>
<h3 id="m6">com.tutorial.testing.testng.tests.AnnotationsTest#search_v2_featureFlag_controlsBehavior</h3><table class="result"><tr><th class="invisible"/></tr></table><p class="totop"><a href="#summary">back to summary</a></p>
<h3 id="m7">com.tutorial.testing.testng.tests.AnnotationsTest#user_creation_invalidEmail_rejected</h3><table class="result"><tr class="param"><th>Parameter #1</th></tr><tr class="param stripe"><td>no-at-symbol</td></tr><tr><th>Expected Exception</th></tr><tr><td><div class="stacktrace">java.lang.IllegalArgumentException: Invalid email: no-at-symbol
	at com.tutorial.testing.testng.tests.AnnotationsTest$User.&lt;init&gt;(AnnotationsTest.java:73)
	at com.tutorial.testing.testng.tests.AnnotationsTest.user_creation_invalidEmail_rejected(AnnotationsTest.java:265)
	at java.base/java.util.ArrayList.forEach(ArrayList.java:1511)
	at jdk.proxy1/jdk.proxy1.$Proxy4.stop(Unknown Source)
... Removed 44 stack frames</div></td></tr></table><p class="totop"><a href="#summary">back to summary</a></p>
<h3 id="m8">com.tutorial.testing.testng.tests.AnnotationsTest#user_creation_invalidEmail_rejected</h3><table class="result"><tr class="param"><th>Parameter #1</th></tr><tr class="param stripe"><td>@missingLocal</td></tr><tr><th>Expected Exception</th></tr><tr><td><div class="stacktrace">java.lang.IllegalArgumentException: Invalid email: @missingLocal
	at com.tutorial.testing.testng.tests.AnnotationsTest$User.&lt;init&gt;(AnnotationsTest.java:73)
	at com.tutorial.testing.testng.tests.AnnotationsTest.user_creation_invalidEmail_rejected(AnnotationsTest.java:265)
	at java.base/java.util.ArrayList.forEach(ArrayList.java:1511)
	at jdk.proxy1/jdk.proxy1.$Proxy4.stop(Unknown Source)
... Removed 44 stack frames</div></td></tr></table><p class="totop"><a href="#summary">back to summary</a></p>
<h3 id="m9">com.tutorial.testing.testng.tests.AnnotationsTest#user_creation_invalidEmail_rejected</h3><table class="result"><tr class="param"><th>Parameter #1</th></tr><tr class="param stripe"><td>user@bad</td></tr><tr><th>Expected Exception</th></tr><tr><td><div class="stacktrace">java.lang.IllegalArgumentException: Invalid email: user@bad
	at com.tutorial.testing.testng.tests.AnnotationsTest$User.&lt;init&gt;(AnnotationsTest.java:73)
	at com.tutorial.testing.testng.tests.AnnotationsTest.user_creation_invalidEmail_rejected(AnnotationsTest.java:265)
	at java.base/java.util.ArrayList.forEach(ArrayList.java:1511)
	at jdk.proxy1/jdk.proxy1.$Proxy4.stop(Unknown Source)
... Removed 44 stack frames</div></td></tr></table><p class="totop"><a href="#summary">back to summary</a></p>
<h3 id="m10">com.tutorial.testing.testng.tests.AnnotationsTest#user_creation_invalidEmail_rejected</h3><table class="result"><tr class="param"><th>Parameter #1</th></tr><tr class="param stripe"><td>null</td></tr><tr><th>Expected Exception</th></tr><tr><td><div class="stacktrace">java.lang.IllegalArgumentException: Invalid email: null
	at com.tutorial.testing.testng.tests.AnnotationsTest$User.&lt;init&gt;(AnnotationsTest.java:73)
	at com.tutorial.testing.testng.tests.AnnotationsTest.user_creation_invalidEmail_rejected(AnnotationsTest.java:265)
	at java.base/java.util.ArrayList.forEach(ArrayList.java:1511)
	at jdk.proxy1/jdk.proxy1.$Proxy4.stop(Unknown Source)
... Removed 44 stack frames</div></td></tr></table><p class="totop"><a href="#summary">back to summary</a></p>
<h3 id="m11">com.tutorial.testing.testng.tests.AnnotationsTest#user_creation_invalidEmail_rejected</h3><table class="result"><tr class="param"><th>Parameter #1</th></tr><tr class="param stripe"><td></td></tr><tr><th>Expected Exception</th></tr><tr><td><div class="stacktrace">java.lang.IllegalArgumentException: Invalid email: 
	at com.tutorial.testing.testng.tests.AnnotationsTest$User.&lt;init&gt;(AnnotationsTest.java:73)
	at com.tutorial.testing.testng.tests.AnnotationsTest.user_creation_invalidEmail_rejected(AnnotationsTest.java:265)
	at java.base/java.util.ArrayList.forEach(ArrayList.java:1511)
	at jdk.proxy1/jdk.proxy1.$Proxy4.stop(Unknown Source)
... Removed 44 stack frames</div></td></tr></table><p class="totop"><a href="#summary">back to summary</a></p>
<h3 id="m12">com.tutorial.testing.testng.tests.DataProviderTest#add_isCorrect</h3><table class="result"><tr class="param"><th>Parameter #1</th><th>Parameter #2</th><th>Parameter #3</th></tr><tr class="param stripe"><td>2</td><td>2</td><td>4</td></tr></table><p class="totop"><a href="#summary">back to summary</a></p>
<h3 id="m13">com.tutorial.testing.testng.tests.DataProviderTest#add_isCorrect</h3><table class="result"><tr class="param"><th>Parameter #1</th><th>Parameter #2</th><th>Parameter #3</th></tr><tr class="param stripe"><td>3</td><td>5</td><td>8</td></tr></table><p class="totop"><a href="#summary">back to summary</a></p>
<h3 id="m14">com.tutorial.testing.testng.tests.DataProviderTest#add_isCorrect</h3><table class="result"><tr class="param"><th>Parameter #1</th><th>Parameter #2</th><th>Parameter #3</th></tr><tr class="param stripe"><td>-1</td><td>1</td><td>0</td></tr></table><p class="totop"><a href="#summary">back to summary</a></p>
<h3 id="m15">com.tutorial.testing.testng.tests.DependenciesTest#stepA</h3><table class="result"><tr><th class="invisible"/></tr></table><p class="totop"><a href="#summary">back to summary</a></p>
<h3 id="m16">com.tutorial.testing.testng.tests.DependenciesTest#stepB</h3><table class="result"><tr><th class="invisible"/></tr></table><p class="totop"><a href="#summary">back to summary</a></p>
<h3 id="m17">com.tutorial.testing.testng.tests.GroupsTest#deeperCheck</h3><table class="result"><tr><th class="invisible"/></tr></table><p class="totop"><a href="#summary">back to summary</a></p>
<h3 id="m18">com.tutorial.testing.testng.tests.GroupsTest#fastCheck</h3><table class="result"><tr><th class="invisible"/></tr></table><p class="totop"><a href="#summary">back to summary</a></p>
<h2>Selenium Demos</h2></body>
</html>
